#
# A fatal error has been detected by the Java Runtime Environment:
#
#  SIGSEGV (0xb) at pc=0xb7683809, pid=3602, tid=2400459632
#
# JRE version: 6.0_26-b03
# Java VM: Java HotSpot(TM) Server VM (20.1-b02 mixed mode linux-x86 )
# Problematic frame:
# C  [libc.so.6+0x75809]  short+0x9
#
# If you would like to submit a bug report, please visit:
#   http://java.sun.com/webapps/bugreport/crash.jsp
# The crash happened outside the Java Virtual Machine in native code.
# See problematic frame for where to report the bug.
#

---------------  T H R E A D  ---------------

Current thread (0x8f698800):  JavaThread "AWT-EventQueue-0" [_thread_in_native, id=3622, stack(0x8f0f1000,0x8f142000)]

siginfo:si_signo=SIGSEGV: si_errno=0, si_code=1 (SEGV_MAPERR), si_addr=0x00000000

Registers:
EAX=0x8f13fccc, EBX=0xb6919928, ECX=0x00000000, EDX=0x8f13fccc
ESP=0x8f13fc58, EBP=0x8f13fc98, ESI=0xb69184f0, EDI=0x8f13fcd8
EIP=0xb7683809, EFLAGS=0x00210296, CR2=0x00000000

Top of Stack: (sp=0x8f13fc58)
0x8f13fc58:   8f13fcd8 b6918440 8f13fccc 00000000
0x8f13fc68:   8ee2be78 8f656370 b691747c b6919928
0x8f13fc78:   908dd820 ffffffff 8f13fd38 b77dd870
0x8f13fc88:   00000ffc b6919928 908dd820 8f698800
0x8f13fc98:   8f13fd38 b6917fbb 8f13fccc 8f656370
0x8f13fca8:   8ee2be78 00000000 8f6991dc b71eadc8
0x8f13fcb8:   b6dca82b b69174dc 8f626a88 a95022b8
0x8f13fcc8:   8f13fd38 6e6f4354 74206e61 20747365 

Instructions: (pc=0xb7683809)
0xb76837e9:   85 d2 74 10 8d 76 00 8b 0a 29 d1 8b 52 04 01 c8
0xb76837f9:   85 d2 75 f3 f3 c3 90 57 8b 54 24 08 8b 4c 24 0c
0xb7683809:   f6 01 ff 0f 84 92 01 00 00 f7 c2 03 00 00 00 74
0xb7683819:   39 f6 02 ff 0f 84 a6 00 00 00 42 f7 c2 03 00 00 

Register to memory mapping:

EAX=0x8f13fccc is pointing into the stack for thread: 0x8f698800
EBX=0xb6919928: <offset 0x2928> in /home/sherry/Documents/netbeans/chatDynamicLibrary/dist/libchatDynamicLibrary.so at 0xb6917000
ECX=0x00000000 is an unknown value
EDX=0x8f13fccc is pointing into the stack for thread: 0x8f698800
ESP=0x8f13fc58 is pointing into the stack for thread: 0x8f698800
EBP=0x8f13fc98 is pointing into the stack for thread: 0x8f698800
ESI=0xb69184f0: <offset 0x14f0> in /home/sherry/Documents/netbeans/chatDynamicLibrary/dist/libchatDynamicLibrary.so at 0xb6917000
EDI=0x8f13fcd8 is pointing into the stack for thread: 0x8f698800


Stack: [0x8f0f1000,0x8f142000],  sp=0x8f13fc58,  free space=315k
Native frames: (J=compiled Java code, j=interpreted, Vv=VM code, C=native code)
C  [libc.so.6+0x75809]  short+0x9
C  [libchatDynamicLibrary.so+0xfbb]  unsigned short+0x36
C  [libchatDynamicLibrary.so+0xc66]  Java_examples_Talk_sendMsg+0x9a
j  examples.Talk.sendMsg(ILjava/lang/String;Ljava/lang/String;Ljava/lang/String;)V+0
j  examples.Talk.jButtonSendActionPerformed(Ljava/awt/event/ActionEvent;)V+31
j  examples.Talk.access$000(Lexamples/Talk;Ljava/awt/event/ActionEvent;)V+2
j  examples.Talk$1.actionPerformed(Ljava/awt/event/ActionEvent;)V+5
j  javax.swing.AbstractButton.fireActionPerformed(Ljava/awt/event/ActionEvent;)V+84
j  javax.swing.AbstractButton$Handler.actionPerformed(Ljava/awt/event/ActionEvent;)V+5
j  javax.swing.DefaultButtonModel.fireActionPerformed(Ljava/awt/event/ActionEvent;)V+35
j  javax.swing.DefaultButtonModel.setPressed(Z)V+117
j  javax.swing.plaf.basic.BasicButtonListener.mouseReleased(Ljava/awt/event/MouseEvent;)V+35
j  java.awt.Component.processMouseEvent(Ljava/awt/event/MouseEvent;)V+64
j  javax.swing.JComponent.processMouseEvent(Ljava/awt/event/MouseEvent;)V+23
j  java.awt.Component.processEvent(Ljava/awt/AWTEvent;)V+81
j  java.awt.Container.processEvent(Ljava/awt/AWTEvent;)V+18
j  java.awt.Component.dispatchEventImpl(Ljava/awt/AWTEvent;)V+566
j  java.awt.Container.dispatchEventImpl(Ljava/awt/AWTEvent;)V+42
j  java.awt.Component.dispatchEvent(Ljava/awt/AWTEvent;)V+2
j  java.awt.LightweightDispatcher.retargetMouseEvent(Ljava/awt/Component;ILjava/awt/event/MouseEvent;)V+320
j  java.awt.LightweightDispatcher.processMouseEvent(Ljava/awt/event/MouseEvent;)Z+139
j  java.awt.LightweightDispatcher.dispatchEvent(Ljava/awt/AWTEvent;)Z+50
j  java.awt.Container.dispatchEventImpl(Ljava/awt/AWTEvent;)V+12
j  java.awt.Window.dispatchEventImpl(Ljava/awt/AWTEvent;)V+19
j  java.awt.Component.dispatchEvent(Ljava/awt/AWTEvent;)V+2
j  java.awt.EventQueue.dispatchEventImpl(Ljava/awt/AWTEvent;Ljava/lang/Object;)V+41
j  java.awt.EventQueue.access$000(Ljava/awt/EventQueue;Ljava/awt/AWTEvent;Ljava/lang/Object;)V+3
j  java.awt.EventQueue$1.run()Ljava/lang/Void;+12
j  java.awt.EventQueue$1.run()Ljava/lang/Object;+1
v  ~StubRoutines::call_stub
V  [libjvm.so+0x3dff01]  AsyncGetCallTrace+0x914f1
V  [libjvm.so+0x5e1298]  __int128+0x25b8
V  [libjvm.so+0x3dfd2f]  AsyncGetCallTrace+0x9131f
V  [libjvm.so+0x445b9e]  JVM_DoPrivileged+0x40e
C  [libjava.so+0xa96c]  Java_java_security_AccessController_doPrivileged__Ljava_security_PrivilegedAction_2Ljava_security_AccessControlContext_2+0x3c
j  java.security.AccessController.doPrivileged(Ljava/security/PrivilegedAction;Ljava/security/AccessControlContext;)Ljava/lang/Object;+0
j  java.security.AccessControlContext$1.doIntersectionPrivilege(Ljava/security/PrivilegedAction;Ljava/security/AccessControlContext;Ljava/security/AccessControlContext;)Ljava/lang/Object;+28
j  java.security.AccessControlContext$1.doIntersectionPrivilege(Ljava/security/PrivilegedAction;Ljava/security/AccessControlContext;)Ljava/lang/Object;+6
j  java.awt.EventQueue$2.run()Ljava/lang/Void;+11
j  java.awt.EventQueue$2.run()Ljava/lang/Object;+1
v  ~StubRoutines::call_stub
V  [libjvm.so+0x3dff01]  AsyncGetCallTrace+0x914f1
V  [libjvm.so+0x5e1298]  __int128+0x25b8
V  [libjvm.so+0x3dfd2f]  AsyncGetCallTrace+0x9131f
V  [libjvm.so+0x445b9e]  JVM_DoPrivileged+0x40e
C  [libjava.so+0xa96c]  Java_java_security_AccessController_doPrivileged__Ljava_security_PrivilegedAction_2Ljava_security_AccessControlContext_2+0x3c
j  java.security.AccessController.doPrivileged(Ljava/security/PrivilegedAction;Ljava/security/AccessControlContext;)Ljava/lang/Object;+0
j  java.security.AccessControlContext$1.doIntersectionPrivilege(Ljava/security/PrivilegedAction;Ljava/security/AccessControlContext;Ljava/security/AccessControlContext;)Ljava/lang/Object;+28
j  java.awt.EventQueue.dispatchEvent(Ljava/awt/AWTEvent;)V+73
j  java.awt.EventDispatchThread.pumpOneEventForFilters(I)Z+204
j  java.awt.EventDispatchThread.pumpEventsForFilter(ILjava/awt/Conditional;Ljava/awt/EventFilter;)V+30
j  java.awt.EventDispatchThread.pumpEventsForHierarchy(ILjava/awt/Conditional;Ljava/awt/Component;)V+11
j  java.awt.EventDispatchThread.pumpEvents(ILjava/awt/Conditional;)V+4
j  java.awt.EventDispatchThread.pumpEvents(Ljava/awt/Conditional;)V+3
j  java.awt.EventDispatchThread.run()V+9
v  ~StubRoutines::call_stub
V  [libjvm.so+0x3dff01]  AsyncGetCallTrace+0x914f1
V  [libjvm.so+0x5e1298]  __int128+0x25b8
V  [libjvm.so+0x3df775]  AsyncGetCallTrace+0x90d65
V  [libjvm.so+0x3df838]  AsyncGetCallTrace+0x90e28
V  [libjvm.so+0x4642d7]  JVM_GetVersionInfo+0x1577
V  [libjvm.so+0x6e16bf]  JVM_handle_linux_signal+0xfd67f
V  [libjvm.so+0x5e2aee]  unsigned+0xc5e
C  [libpthread.so.0+0x6c77]  short+0xc7

Java frames: (J=compiled Java code, j=interpreted, Vv=VM code)
j  examples.Talk.sendMsg(ILjava/lang/String;Ljava/lang/String;Ljava/lang/String;)V+0
j  examples.Talk.jButtonSendActionPerformed(Ljava/awt/event/ActionEvent;)V+31
j  examples.Talk.access$000(Lexamples/Talk;Ljava/awt/event/ActionEvent;)V+2
j  examples.Talk$1.actionPerformed(Ljava/awt/event/ActionEvent;)V+5
j  javax.swing.AbstractButton.fireActionPerformed(Ljava/awt/event/ActionEvent;)V+84
j  javax.swing.AbstractButton$Handler.actionPerformed(Ljava/awt/event/ActionEvent;)V+5
j  javax.swing.DefaultButtonModel.fireActionPerformed(Ljava/awt/event/ActionEvent;)V+35
j  javax.swing.DefaultButtonModel.setPressed(Z)V+117
j  javax.swing.plaf.basic.BasicButtonListener.mouseReleased(Ljava/awt/event/MouseEvent;)V+35
j  java.awt.Component.processMouseEvent(Ljava/awt/event/MouseEvent;)V+64
j  javax.swing.JComponent.processMouseEvent(Ljava/awt/event/MouseEvent;)V+23
j  java.awt.Component.processEvent(Ljava/awt/AWTEvent;)V+81
j  java.awt.Container.processEvent(Ljava/awt/AWTEvent;)V+18
j  java.awt.Component.dispatchEventImpl(Ljava/awt/AWTEvent;)V+566
j  java.awt.Container.dispatchEventImpl(Ljava/awt/AWTEvent;)V+42
j  java.awt.Component.dispatchEvent(Ljava/awt/AWTEvent;)V+2
j  java.awt.LightweightDispatcher.retargetMouseEvent(Ljava/awt/Component;ILjava/awt/event/MouseEvent;)V+320
j  java.awt.LightweightDispatcher.processMouseEvent(Ljava/awt/event/MouseEvent;)Z+139
j  java.awt.LightweightDispatcher.dispatchEvent(Ljava/awt/AWTEvent;)Z+50
j  java.awt.Container.dispatchEventImpl(Ljava/awt/AWTEvent;)V+12
j  java.awt.Window.dispatchEventImpl(Ljava/awt/AWTEvent;)V+19
j  java.awt.Component.dispatchEvent(Ljava/awt/AWTEvent;)V+2
j  java.awt.EventQueue.dispatchEventImpl(Ljava/awt/AWTEvent;Ljava/lang/Object;)V+41
j  java.awt.EventQueue.access$000(Ljava/awt/EventQueue;Ljava/awt/AWTEvent;Ljava/lang/Object;)V+3
j  java.awt.EventQueue$1.run()Ljava/lang/Void;+12
j  java.awt.EventQueue$1.run()Ljava/lang/Object;+1
v  ~StubRoutines::call_stub
j  java.security.AccessController.doPrivileged(Ljava/security/PrivilegedAction;Ljava/security/AccessControlContext;)Ljava/lang/Object;+0
j  java.security.AccessControlContext$1.doIntersectionPrivilege(Ljava/security/PrivilegedAction;Ljava/security/AccessControlContext;Ljava/security/AccessControlContext;)Ljava/lang/Object;+28
j  java.security.AccessControlContext$1.doIntersectionPrivilege(Ljava/security/PrivilegedAction;Ljava/security/AccessControlContext;)Ljava/lang/Object;+6
j  java.awt.EventQueue$2.run()Ljava/lang/Void;+11
j  java.awt.EventQueue$2.run()Ljava/lang/Object;+1
v  ~StubRoutines::call_stub
j  java.security.AccessController.doPrivileged(Ljava/security/PrivilegedAction;Ljava/security/AccessControlContext;)Ljava/lang/Object;+0
j  java.security.AccessControlContext$1.doIntersectionPrivilege(Ljava/security/PrivilegedAction;Ljava/security/AccessControlContext;Ljava/security/AccessControlContext;)Ljava/lang/Object;+28
j  java.awt.EventQueue.dispatchEvent(Ljava/awt/AWTEvent;)V+73
j  java.awt.EventDispatchThread.pumpOneEventForFilters(I)Z+204
j  java.awt.EventDispatchThread.pumpEventsForFilter(ILjava/awt/Conditional;Ljava/awt/EventFilter;)V+30
j  java.awt.EventDispatchThread.pumpEventsForHierarchy(ILjava/awt/Conditional;Ljava/awt/Component;)V+11
j  java.awt.EventDispatchThread.pumpEvents(ILjava/awt/Conditional;)V+4
j  java.awt.EventDispatchThread.pumpEvents(Ljava/awt/Conditional;)V+3
j  java.awt.EventDispatchThread.run()V+9
v  ~StubRoutines::call_stub

---------------  P R O C E S S  ---------------

Java Threads: ( => current thread )
  0x8f651400 JavaThread "Thread-1" [_thread_in_native, id=3625, stack(0x8ef07000,0x8ef58000)]
  0x8ee38000 JavaThread "TimerQueue" daemon [_thread_blocked, id=3624, stack(0x8f014000,0x8f065000)]
  0x8f69a000 JavaThread "DestroyJavaVM" [_thread_blocked, id=3606, stack(0xb696e000,0xb69bf000)]
=>0x8f698800 JavaThread "AWT-EventQueue-0" [_thread_in_native, id=3622, stack(0x8f0f1000,0x8f142000)]
  0x8f697c00 JavaThread "AWT-Shutdown" [_thread_blocked, id=3621, stack(0x8f142000,0x8f193000)]
  0x8f696c00 JavaThread "AWT-XAWT" daemon [_thread_in_native, id=3620, stack(0x8f193000,0x8f1e4000)]
  0x8f678400 JavaThread "Java2D Disposer" daemon [_thread_blocked, id=3619, stack(0x8f1e9000,0x8f23a000)]
  0x8f600c00 JavaThread "Low Memory Detector" daemon [_thread_blocked, id=3617, stack(0x8f5af000,0x8f600000)]
  0x0987d000 JavaThread "C2 CompilerThread1" daemon [_thread_blocked, id=3616, stack(0x8f717000,0x8f798000)]
  0x0987b000 JavaThread "C2 CompilerThread0" daemon [_thread_blocked, id=3615, stack(0x8f798000,0x8f819000)]
  0x09879800 JavaThread "Signal Dispatcher" daemon [_thread_blocked, id=3614, stack(0x8f819000,0x8f86a000)]
  0x09868000 JavaThread "Finalizer" daemon [_thread_blocked, id=3613, stack(0x8fa6a000,0x8fabb000)]
  0x09866800 JavaThread "Reference Handler" daemon [_thread_blocked, id=3612, stack(0x8fabb000,0x8fb0c000)]

Other Threads:
  0x09862c00 VMThread [stack: 0x8fb0c000,0x8fb8d000] [id=3611]
  0x8f602c00 WatcherThread [stack: 0x8f52e000,0x8f5af000] [id=3618]

VM state:not at safepoint (normal execution)

VM Mutex/Monitor currently owned by a thread: None

Heap
 PSYoungGen      total 9408K, used 4882K [0xa9040000, 0xa9ac0000, 0xb3840000)
  eden space 8064K, 60% used [0xa9040000,0xa9504aa0,0xa9820000)
  from space 1344K, 0% used [0xa9970000,0xa9970000,0xa9ac0000)
  to   space 1344K, 0% used [0xa9820000,0xa9820000,0xa9970000)
 PSOldGen        total 21504K, used 0K [0x94040000, 0x95540000, 0xa9040000)
  object space 21504K, 0% used [0x94040000,0x94040000,0x95540000)
 PSPermGen       total 16384K, used 9026K [0x90040000, 0x91040000, 0x94040000)
  object space 16384K, 55% used [0x90040000,0x90910be0,0x91040000)

Code Cache  [0xb3909000, 0xb3b49000, 0xb6909000)
 total_blobs=243 nmethods=24 adapters=173 free_code_cache=49962688 largest_free_block=12224

Dynamic libraries:
08048000-08052000 r-xp 00000000 08:03 429317     /opt/java/jre/bin/java
08052000-08053000 rwxp 00009000 08:03 429317     /opt/java/jre/bin/java
097e2000-099db000 rwxp 00000000 00:00 0          [heap]
8ed88000-8ee00000 rwxs 00000000 00:04 2850819    /SYSV00000000 (deleted)
8ee00000-8ee45000 rwxp 00000000 00:00 0 
8ee45000-8ef00000 ---p 00000000 00:00 0 
8ef07000-8ef0a000 ---p 00000000 00:00 0 
8ef0a000-8ef58000 rwxp 00000000 00:00 0 
8ef58000-8ef5d000 r-xs 00000000 08:06 8000527    /home/sherry/.fontconfig/e8c5264944783826d4583858a6380f8e-le32d4.cache-3
8ef5d000-8ef7f000 r-xs 00000000 08:05 129372     /var/cache/fontconfig/f6b893a7224233d96cb72fd88691c0b4-le32d4.cache-3
8ef7f000-8efc0000 r-xs 00000000 08:05 129342     /var/cache/fontconfig/17090aa38d5c6f09fb8c5c354938f1d7-le32d4.cache-3
8efc0000-8f001000 r-xs 00000000 08:05 129341     /var/cache/fontconfig/df311e82a1a24c41a75c2c930223552e-le32d4.cache-3
8f014000-8f017000 ---p 00000000 00:00 0 
8f017000-8f065000 rwxp 00000000 00:00 0 
8f0d4000-8f0db000 r-xp 00000000 08:03 428128     /opt/java/jre/lib/i386/libnio.so
8f0db000-8f0dc000 rwxp 00006000 08:03 428128     /opt/java/jre/lib/i386/libnio.so
8f0dc000-8f0f0000 r-xp 00000000 08:03 428127     /opt/java/jre/lib/i386/libnet.so
8f0f0000-8f0f1000 rwxp 00013000 08:03 428127     /opt/java/jre/lib/i386/libnet.so
8f0f1000-8f0f4000 ---p 00000000 00:00 0 
8f0f4000-8f142000 rwxp 00000000 00:00 0 
8f142000-8f145000 ---p 00000000 00:00 0 
8f145000-8f193000 rwxp 00000000 00:00 0 
8f193000-8f196000 ---p 00000000 00:00 0 
8f196000-8f1e4000 rwxp 00000000 00:00 0 
8f1e4000-8f1e8000 r-xp 00000000 08:03 144419     /usr/lib/libXfixes.so.3.1.0
8f1e8000-8f1e9000 rwxp 00003000 08:03 144419     /usr/lib/libXfixes.so.3.1.0
8f1e9000-8f1ec000 ---p 00000000 00:00 0 
8f1ec000-8f23a000 rwxp 00000000 00:00 0 
8f23a000-8f2b3000 r-xp 00000000 08:03 429297     /opt/java/jre/lib/i386/libfontmanager.so
8f2b3000-8f2bd000 rwxp 00078000 08:03 429297     /opt/java/jre/lib/i386/libfontmanager.so
8f2bd000-8f2c2000 rwxp 00000000 00:00 0 
8f2c2000-8f2df000 r-xp 00000000 08:03 142881     /usr/lib/libxcb.so.1.1.0
8f2df000-8f2e0000 rwxp 0001d000 08:03 142881     /usr/lib/libxcb.so.1.1.0
8f2e0000-8f3f8000 r-xp 00000000 08:03 145325     /usr/lib/libX11.so.6.3.0
8f3f8000-8f3fc000 rwxp 00117000 08:03 145325     /usr/lib/libX11.so.6.3.0
8f3fc000-8f40d000 r-xp 00000000 08:03 143781     /usr/lib/libXext.so.6.4.0
8f40d000-8f40e000 rwxp 00010000 08:03 143781     /usr/lib/libXext.so.6.4.0
8f40f000-8f411000 r-xs 00000000 08:06 8000445    /home/sherry/.fontconfig/ee02df4e820531f5339fe454ab05291c-le32d4.cache-3
8f411000-8f412000 r-xs 00000000 08:06 8000949    /home/sherry/.fontconfig/180eb47c68cf23c94787fa4711351949-le32d4.cache-3
8f412000-8f413000 r-xs 00000000 08:06 8000782    /home/sherry/.fontconfig/d36b0798a422d9c9090ea779a37c1733-le32d4.cache-3
8f413000-8f414000 r-xs 00000000 08:06 8000855    /home/sherry/.fontconfig/713a988f7c6e35b71b1e6175ced75354-le32d4.cache-3
8f414000-8f415000 r-xs 00000000 08:06 7997954    /home/sherry/.fontconfig/e7e2c44abc9545a23d946f0fb961e461-le32d4.cache-3
8f415000-8f418000 r-xs 00000000 08:06 8000799    /home/sherry/.fontconfig/d4b77c26417dabc0ab41c6e47d32045d-le32d4.cache-3
8f418000-8f419000 r-xs 00000000 08:06 7997958    /home/sherry/.fontconfig/60927c2627d2f431f6f95d4a450efcfc-le32d4.cache-3
8f419000-8f41a000 r-xs 00000000 08:06 8000541    /home/sherry/.fontconfig/9a534c7b7f0bba24e5bd928013198211-le32d4.cache-3
8f41a000-8f41d000 r-xs 00000000 08:06 8000872    /home/sherry/.fontconfig/d5a0f30253996e56de88f0721782ee79-le32d4.cache-3
8f41d000-8f41e000 r-xs 00000000 08:06 8000873    /home/sherry/.fontconfig/776444fee41719079bc4d76ac59e4545-le32d4.cache-3
8f41e000-8f41f000 r-xs 00000000 08:06 8000291    /home/sherry/.fontconfig/179da35e63e46e96a64ca0d3f4422e64-le32d4.cache-3
8f41f000-8f422000 r-xs 00000000 08:05 129411     /var/cache/fontconfig/6d2376a383715d59725915647ddb0428-le32d4.cache-3
8f422000-8f432000 r-xs 00000000 08:05 116461     /var/cache/fontconfig/8d4af663993b81a124ee82e610bb31f9-le32d4.cache-3
8f432000-8f438000 r-xs 00000000 08:05 129373     /var/cache/fontconfig/d62e99ef547d1d24cdb1bd22ec1a2976-le32d4.cache-3
8f438000-8f47b000 r-xp 00000000 08:03 671989     /opt/java/jre/lib/i386/xawt/libmawt.so
8f47b000-8f47d000 rwxp 00043000 08:03 671989     /opt/java/jre/lib/i386/xawt/libmawt.so
8f47d000-8f47e000 rwxp 00000000 00:00 0 
8f47e000-8f503000 r-xp 00000000 08:03 429279     /opt/java/jre/lib/i386/libawt.so
8f503000-8f50a000 rwxp 00085000 08:03 429279     /opt/java/jre/lib/i386/libawt.so
8f50a000-8f52e000 rwxp 00000000 00:00 0 
8f52e000-8f52f000 ---p 00000000 00:00 0 
8f52f000-8f5af000 rwxp 00000000 00:00 0 
8f5af000-8f5b2000 ---p 00000000 00:00 0 
8f5b2000-8f600000 rwxp 00000000 00:00 0 
8f600000-8f700000 rwxp 00000000 00:00 0 
8f702000-8f709000 r-xp 00000000 08:03 144264     /usr/lib/libXrender.so.1.3.0
8f709000-8f70a000 rwxp 00007000 08:03 144264     /usr/lib/libXrender.so.1.3.0
8f70a000-8f716000 r-xp 00000000 08:03 144392     /usr/lib/libXi.so.6.1.0
8f716000-8f717000 rwxp 0000b000 08:03 144392     /usr/lib/libXi.so.6.1.0
8f717000-8f71a000 ---p 00000000 00:00 0 
8f71a000-8f798000 rwxp 00000000 00:00 0 
8f798000-8f79b000 ---p 00000000 00:00 0 
8f79b000-8f819000 rwxp 00000000 00:00 0 
8f819000-8f81c000 ---p 00000000 00:00 0 
8f81c000-8f86a000 rwxp 00000000 00:00 0 
8f86a000-8fa6a000 r-xp 00000000 08:03 144196     /usr/lib/locale/locale-archive
8fa6a000-8fa6d000 ---p 00000000 00:00 0 
8fa6d000-8fabb000 rwxp 00000000 00:00 0 
8fabb000-8fabe000 ---p 00000000 00:00 0 
8fabe000-8fb0c000 rwxp 00000000 00:00 0 
8fb0c000-8fb0d000 ---p 00000000 00:00 0 
8fb0d000-8fbc1000 rwxp 00000000 00:00 0 
8fbc1000-8fd59000 r-xs 03029000 08:03 415820     /opt/java/jre/lib/rt.jar
8fd59000-8fd5a000 ---p 00000000 00:00 0 
8fd5a000-8fdda000 rwxp 00000000 00:00 0 
8fdda000-8fddb000 ---p 00000000 00:00 0 
8fddb000-8fe63000 rwxp 00000000 00:00 0 
8fe63000-8fe7b000 rwxp 00000000 00:00 0 
8fe7b000-8fe86000 rwxp 00000000 00:00 0 
8fe86000-8ff23000 rwxp 00000000 00:00 0 
8ff23000-8ff2b000 rwxp 00000000 00:00 0 
8ff2b000-8ff43000 rwxp 00000000 00:00 0 
8ff43000-8ff4e000 rwxp 00000000 00:00 0 
8ff4e000-8ffeb000 rwxp 00000000 00:00 0 
8ffeb000-8fff1000 rwxp 00000000 00:00 0 
8fff1000-9003f000 rwxp 00000000 00:00 0 
9003f000-91040000 rwxp 00000000 00:00 0 
91040000-94040000 rwxp 00000000 00:00 0 
94040000-95540000 rwxp 00000000 00:00 0 
95540000-a9040000 rwxp 00000000 00:00 0 
a9040000-a9ac0000 rwxp 00000000 00:00 0 
a9ac0000-b3840000 rwxp 00000000 00:00 0 
b3840000-b3848000 r-xp 00000000 08:03 144420     /usr/lib/libXcursor.so.1.0.2
b3848000-b3849000 rwxp 00007000 08:03 144420     /usr/lib/libXcursor.so.1.0.2
b3849000-b3852000 rwxp 00000000 00:00 0 
b3852000-b3909000 rwxp 00000000 00:00 0 
b3909000-b3b49000 rwxp 00000000 00:00 0 
b3b49000-b6909000 rwxp 00000000 00:00 0 
b6909000-b6914000 r-xp 00000000 08:03 787739     /lib/libnss_files-2.13.so
b6914000-b6915000 r-xp 0000a000 08:03 787739     /lib/libnss_files-2.13.so
b6915000-b6916000 rwxp 0000b000 08:03 787739     /lib/libnss_files-2.13.so
b6916000-b6917000 rwxp 00000000 00:00 0 
b6917000-b6919000 r-xp 00000000 08:06 7471397    /home/sherry/Documents/netbeans/chatDynamicLibrary/dist/libchatDynamicLibrary.so
b6919000-b691a000 rwxp 00001000 08:06 7471397    /home/sherry/Documents/netbeans/chatDynamicLibrary/dist/libchatDynamicLibrary.so
b691a000-b691e000 r-xp 00000000 08:03 142818     /usr/lib/libXdmcp.so.6.0.0
b691e000-b691f000 rwxp 00003000 08:03 142818     /usr/lib/libXdmcp.so.6.0.0
b691f000-b6921000 r-xp 00000000 08:03 142832     /usr/lib/libXau.so.6.0.0
b6921000-b6922000 rwxp 00001000 08:03 142832     /usr/lib/libXau.so.6.0.0
b6922000-b6926000 r-xp 00000000 08:03 144472     /usr/lib/libXtst.so.6.1.0
b6926000-b6927000 rwxp 00003000 08:03 144472     /usr/lib/libXtst.so.6.1.0
b6927000-b6936000 r-xp 00000000 08:03 428123     /opt/java/jre/lib/i386/libzip.so
b6936000-b6938000 rwxp 0000e000 08:03 428123     /opt/java/jre/lib/i386/libzip.so
b6938000-b6940000 rwxs 00000000 08:03 295618     /tmp/hsperfdata_sherry/3602
b6940000-b6963000 r-xp 00000000 08:03 428122     /opt/java/jre/lib/i386/libjava.so
b6963000-b6965000 rwxp 00023000 08:03 428122     /opt/java/jre/lib/i386/libjava.so
b6965000-b696c000 r-xp 00000000 08:03 787795     /lib/librt-2.13.so
b696c000-b696d000 r-xp 00006000 08:03 787795     /lib/librt-2.13.so
b696d000-b696e000 rwxp 00007000 08:03 787795     /lib/librt-2.13.so
b696e000-b6971000 ---p 00000000 00:00 0 
b6971000-b69bf000 rwxp 00000000 00:00 0 
b69bf000-b69e7000 r-xp 00000000 08:03 783398     /lib/libm-2.13.so
b69e7000-b69e8000 r-xp 00027000 08:03 783398     /lib/libm-2.13.so
b69e8000-b69e9000 rwxp 00028000 08:03 783398     /lib/libm-2.13.so
b69e9000-b719b000 r-xp 00000000 08:03 671998     /opt/java/jre/lib/i386/server/libjvm.so
b719b000-b71ef000 rwxp 007b1000 08:03 671998     /opt/java/jre/lib/i386/server/libjvm.so
b71ef000-b760e000 rwxp 00000000 00:00 0 
b760e000-b776d000 r-xp 00000000 08:03 783399     /lib/libc-2.13.so
b776d000-b776e000 ---p 0015f000 08:03 783399     /lib/libc-2.13.so
b776e000-b7770000 r-xp 0015f000 08:03 783399     /lib/libc-2.13.so
b7770000-b7771000 rwxp 00161000 08:03 783399     /lib/libc-2.13.so
b7771000-b7775000 rwxp 00000000 00:00 0 
b7775000-b7778000 r-xp 00000000 08:03 783366     /lib/libdl-2.13.so
b7778000-b7779000 r-xp 00002000 08:03 783366     /lib/libdl-2.13.so
b7779000-b777a000 rwxp 00003000 08:03 783366     /lib/libdl-2.13.so
b777a000-b7781000 r-xp 00000000 08:03 671990     /opt/java/jre/lib/i386/jli/libjli.so
b7781000-b7783000 rwxp 00006000 08:03 671990     /opt/java/jre/lib/i386/jli/libjli.so
b7783000-b779a000 r-xp 00000000 08:03 783396     /lib/libpthread-2.13.so
b779a000-b779b000 r-xp 00016000 08:03 783396     /lib/libpthread-2.13.so
b779b000-b779c000 rwxp 00017000 08:03 783396     /lib/libpthread-2.13.so
b779c000-b779e000 rwxp 00000000 00:00 0 
b779e000-b77a0000 r-xs 00000000 08:05 116838     /var/cache/fontconfig/1876b2dcf508980ebba421dbe8e808d3-le32d4.cache-3
b77a0000-b77a1000 r-xs 0001c000 08:03 546433     /usr/share/netbeans/platform/modules/ext/swing-layout-1.0.4.jar
b77a1000-b77a2000 rwxp 00000000 00:00 0 
b77a2000-b77a3000 r-xp 00000000 00:00 0 
b77a3000-b77b8000 r-xp 00000000 08:03 783664     /lib/libnsl-2.13.so
b77b8000-b77b9000 r-xp 00015000 08:03 783664     /lib/libnsl-2.13.so
b77b9000-b77ba000 rwxp 00016000 08:03 783664     /lib/libnsl-2.13.so
b77ba000-b77bc000 rwxp 00000000 00:00 0 
b77bc000-b77c7000 r-xp 00000000 08:03 428121     /opt/java/jre/lib/i386/libverify.so
b77c7000-b77c8000 rwxp 0000b000 08:03 428121     /opt/java/jre/lib/i386/libverify.so
b77c8000-b77c9000 rwxp 00000000 00:00 0 
b77c9000-b77ca000 r-xp 00000000 00:00 0          [vdso]
b77ca000-b77e8000 r-xp 00000000 08:03 783904     /lib/ld-2.13.so
b77e8000-b77e9000 r-xp 0001d000 08:03 783904     /lib/ld-2.13.so
b77e9000-b77ea000 rwxp 0001e000 08:03 783904     /lib/ld-2.13.so
bfd47000-bfd68000 rwxp 00000000 00:00 0          [stack]

VM Arguments:
jvm_args: -Dfile.encoding=UTF-8 
java_command: examples.Antenna
Launcher Type: SUN_STANDARD

Environment Variables:
JAVA_HOME=/opt/java
PATH=/usr/local/bin:/usr/bin:/bin:/usr/local/sbin:/usr/sbin:/sbin:/opt/java/bin:/usr/share/hadoop/bin:/usr/share/java/apache-ant/bin:/opt/java/bin:/opt/java/db/bin:/opt/java/jre/bin:/opt/kde/bin:/usr/bin/core_perl:/opt/qt/bin
LD_LIBRARY_PATH=/opt/java/jre/lib/i386/server:/opt/java/jre/lib/i386:/opt/java/jre/../lib/i386:/opt/java/jre/lib/i386/client:/opt/java/jre/lib/i386:/opt/java/jre/../lib/i386
SHELL=/bin/bash
DISPLAY=:0

Signal Handlers:
SIGSEGV: [libjvm.so+0x725510], sa_mask[0]=0x7ffbfeff, sa_flags=0x10000004
SIGBUS: [libjvm.so+0x725510], sa_mask[0]=0x7ffbfeff, sa_flags=0x10000004
SIGFPE: [libjvm.so+0x5dff20], sa_mask[0]=0x7ffbfeff, sa_flags=0x10000004
SIGPIPE: [libjvm.so+0x5dff20], sa_mask[0]=0x7ffbfeff, sa_flags=0x10000004
SIGXFSZ: [libjvm.so+0x5dff20], sa_mask[0]=0x7ffbfeff, sa_flags=0x10000004
SIGILL: [libjvm.so+0x5dff20], sa_mask[0]=0x7ffbfeff, sa_flags=0x10000004
SIGUSR1: SIG_DFL, sa_mask[0]=0x00000000, sa_flags=0x00000000
SIGUSR2: [libjvm.so+0x5e3160], sa_mask[0]=0x00000004, sa_flags=0x10000004
SIGHUP: [libjvm.so+0x5e2d40], sa_mask[0]=0x7ffbfeff, sa_flags=0x10000004
SIGINT: SIG_IGN, sa_mask[0]=0x00000000, sa_flags=0x00000000
SIGTERM: [libjvm.so+0x5e2d40], sa_mask[0]=0x7ffbfeff, sa_flags=0x10000004
SIGQUIT: [libjvm.so+0x5e2d40], sa_mask[0]=0x7ffbfeff, sa_flags=0x10000004


---------------  S Y S T E M  ---------------

OS:Linux
uname:Linux 2.6.39-ARCH #1 SMP PREEMPT Tue Jun 7 05:49:02 UTC 2011 i686
libc:glibc 2.13 NPTL 2.13 
rlimit: STACK 8192k, CORE 0k, NPROC 16098, NOFILE 1024, AS infinity
load average:0.43 0.20 0.16

/proc/meminfo:
MemTotal:        2062868 kB
MemFree:          170724 kB
Buffers:          136464 kB
Cached:           895152 kB
SwapCached:            0 kB
Active:          1029684 kB
Inactive:         746328 kB
Active(anon):     744584 kB
Inactive(anon):     4588 kB
Active(file):     285100 kB
Inactive(file):   741740 kB
Unevictable:           0 kB
Mlocked:               0 kB
HighTotal:       1185368 kB
HighFree:          15012 kB
LowTotal:         877500 kB
LowFree:          155712 kB
SwapTotal:       4297380 kB
SwapFree:        4297380 kB
Dirty:               444 kB
Writeback:             0 kB
AnonPages:        744412 kB
Mapped:           139776 kB
Shmem:              4776 kB
Slab:              72432 kB
SReclaimable:      60944 kB
SUnreclaim:        11488 kB
KernelStack:        2976 kB
PageTables:         6240 kB
NFS_Unstable:          0 kB
Bounce:                0 kB
WritebackTmp:          0 kB
CommitLimit:     5328812 kB
Committed_AS:    2245396 kB
VmallocTotal:     122880 kB
VmallocUsed:       52548 kB
VmallocChunk:      42492 kB
HardwareCorrupted:     0 kB
AnonHugePages:    380928 kB
HugePages_Total:       0
HugePages_Free:        0
HugePages_Rsvd:        0
HugePages_Surp:        0
Hugepagesize:       4096 kB
DirectMap4k:       61432 kB
DirectMap4M:      847872 kB


CPU:total 2 (2 cores per cpu, 1 threads per core) family 6 model 23 stepping 10, cmov, cx8, fxsr, mmx, sse, sse2, sse3, ssse3, sse4.1

/proc/cpuinfo:
processor	: 0
vendor_id	: GenuineIntel
cpu family	: 6
model		: 23
model name	: Intel(R) Core(TM)2 Duo CPU     T6400  @ 2.00GHz
stepping	: 10
cpu MHz		: 1995.108
cache size	: 2048 KB
physical id	: 0
siblings	: 2
core id		: 0
cpu cores	: 2
apicid		: 0
initial apicid	: 0
fdiv_bug	: no
hlt_bug		: no
f00f_bug	: no
coma_bug	: no
fpu		: yes
fpu_exception	: yes
cpuid level	: 13
wp		: yes
flags		: fpu vme de pse tsc msr pae mce cx8 apic sep mtrr pge mca cmov pat pse36 clflush dts acpi mmx fxsr sse sse2 ss ht tm pbe nx lm constant_tsc arch_perfmon pebs bts aperfmperf pni dtes64 monitor ds_cpl est tm2 ssse3 cx16 xtpr pdcm sse4_1 xsave lahf_lm dts
bogomips	: 3991.47
clflush size	: 64
cache_alignment	: 64
address sizes	: 36 bits physical, 48 bits virtual
power management:

processor	: 1
vendor_id	: GenuineIntel
cpu family	: 6
model		: 23
model name	: Intel(R) Core(TM)2 Duo CPU     T6400  @ 2.00GHz
stepping	: 10
cpu MHz		: 1995.108
cache size	: 2048 KB
physical id	: 0
siblings	: 2
core id		: 1
cpu cores	: 2
apicid		: 1
initial apicid	: 1
fdiv_bug	: no
hlt_bug		: no
f00f_bug	: no
coma_bug	: no
fpu		: yes
fpu_exception	: yes
cpuid level	: 13
wp		: yes
flags		: fpu vme de pse tsc msr pae mce cx8 apic sep mtrr pge mca cmov pat pse36 clflush dts acpi mmx fxsr sse sse2 ss ht tm pbe nx lm constant_tsc arch_perfmon pebs bts aperfmperf pni dtes64 monitor ds_cpl est tm2 ssse3 cx16 xtpr pdcm sse4_1 xsave lahf_lm dts
bogomips	: 3991.23
clflush size	: 64
cache_alignment	: 64
address sizes	: 36 bits physical, 48 bits virtual
power management:



Memory: 4k page, physical 2062868k(170724k free), swap 4297380k(4297380k free)

vm_info: Java HotSpot(TM) Server VM (20.1-b02) for linux-x86 JRE (1.6.0_26-b03), built on May  4 2011 01:04:10 by "java_re" with gcc 3.2.1-7a (J2SE release)

time: Thu Jun 16 00:24:58 2011
elapsed time: 12 seconds

